2021-02-15 16:18:19,553 - DEBUG - save file: train_000000.tfrecord
2021-02-15 16:18:21,207 - DEBUG - save file: train_000001.tfrecord
2021-02-15 16:18:22,834 - DEBUG - save file: train_000002.tfrecord
2021-02-15 16:18:24,493 - DEBUG - save file: train_000003.tfrecord
2021-02-15 16:18:26,162 - DEBUG - save file: train_000004.tfrecord
2021-02-15 16:18:27,838 - DEBUG - save file: train_000005.tfrecord
2021-02-15 16:18:29,494 - DEBUG - save file: train_000006.tfrecord
2021-02-15 16:18:29,933 - DEBUG - save file: validation_000000.tfrecord
2021-02-15 16:18:30,051 - DEBUG - save file: train_000007.tfrecord
2021-02-15 16:18:30,079 - INFO - output train datapoint : 35906
2021-02-15 16:18:30,079 - INFO - output validation datapoint : 4204
2021-02-15 16:18:30,079 - INFO - output train files num : 8
2021-02-15 16:18:30,079 - INFO - output validation files num : 1
2021-02-15 16:18:31,635 - DEBUG - save file: train_000000.tfrecord
2021-02-15 16:18:33,330 - DEBUG - save file: train_000001.tfrecord
2021-02-15 16:18:34,993 - DEBUG - save file: train_000002.tfrecord
2021-02-15 16:18:36,654 - DEBUG - save file: train_000003.tfrecord
2021-02-15 16:18:38,313 - DEBUG - save file: train_000004.tfrecord
2021-02-15 16:18:39,990 - DEBUG - save file: train_000005.tfrecord
2021-02-15 16:18:41,637 - DEBUG - save file: train_000006.tfrecord
2021-02-15 16:18:42,135 - DEBUG - save file: validation_000000.tfrecord
2021-02-15 16:18:42,244 - DEBUG - save file: train_000007.tfrecord
2021-02-15 16:18:42,277 - INFO - output train datapoint : 36137
2021-02-15 16:18:42,277 - INFO - output validation datapoint : 3958
2021-02-15 16:18:42,277 - INFO - output train files num : 8
2021-02-15 16:18:42,277 - INFO - output validation files num : 1
2021-02-15 16:18:43,795 - DEBUG - save file: train_000000.tfrecord
2021-02-15 16:18:45,454 - DEBUG - save file: train_000001.tfrecord
2021-02-15 16:18:47,106 - DEBUG - save file: train_000002.tfrecord
2021-02-15 16:18:48,767 - DEBUG - save file: train_000003.tfrecord
2021-02-15 16:18:50,437 - DEBUG - save file: train_000004.tfrecord
2021-02-15 16:18:52,104 - DEBUG - save file: train_000005.tfrecord
2021-02-15 16:18:53,778 - DEBUG - save file: train_000006.tfrecord
2021-02-15 16:18:54,262 - DEBUG - save file: validation_000000.tfrecord
2021-02-15 16:18:54,370 - DEBUG - save file: train_000007.tfrecord
2021-02-15 16:18:54,400 - INFO - output train datapoint : 36063
2021-02-15 16:18:54,400 - INFO - output validation datapoint : 4012
2021-02-15 16:18:54,400 - INFO - output train files num : 8
2021-02-15 16:18:54,400 - INFO - output validation files num : 1
