2021-02-16 15:02:42,005 - WARNING - From /usr/local/lib/python3.6/dist-packages/tensorflow/python/framework/op_def_library.py:263: colocate_with (from tensorflow.python.framework.ops) is deprecated and will be removed in a future version.
Instructions for updating:
Colocations handled automatically by placer.
2021-02-16 15:02:51,476 - INFO - 采样到边缘点个数:(150, 2)
2021-02-16 15:02:51,488 - INFO - 有效的点对个数为1697
2021-02-16 15:02:52,592 - INFO - 未遍历所有有效点对，共采样200个候选抓取点对
2021-02-16 15:02:54,087 - INFO - 采样到边缘点个数:(92, 2)
2021-02-16 15:02:54,090 - INFO - 有效的点对个数为754
2021-02-16 15:02:54,588 - INFO - 遍历所有有效点对，共采样63个候选抓取
2021-02-16 15:02:55,165 - INFO - 采样到边缘点个数:(144, 2)
2021-02-16 15:02:55,170 - INFO - 有效的点对个数为1351
2021-02-16 15:02:56,281 - INFO - 遍历所有有效点对，共采样168个候选抓取
2021-02-16 15:02:56,878 - INFO - 采样到边缘点个数:(124, 2)
2021-02-16 15:02:56,881 - INFO - 有效的点对个数为1740
2021-02-16 15:02:58,651 - INFO - 遍历所有有效点对，共采样103个候选抓取
2021-02-16 15:02:59,296 - INFO - 采样到边缘点个数:(154, 2)
2021-02-16 15:02:59,299 - INFO - 有效的点对个数为1764
2021-02-16 15:03:01,596 - INFO - 遍历所有有效点对，共采样146个候选抓取
2021-02-16 15:03:02,187 - INFO - 采样到边缘点个数:(338, 2)
2021-02-16 15:03:02,194 - INFO - 有效的点对个数为5892
2021-02-16 15:03:03,051 - INFO - 未遍历所有有效点对，共采样200个候选抓取点对
2021-02-16 15:03:03,474 - INFO - 采样到边缘点个数:(155, 2)
2021-02-16 15:03:03,478 - INFO - 有效的点对个数为2167
2021-02-16 15:03:05,630 - INFO - 遍历所有有效点对，共采样183个候选抓取
2021-02-16 15:03:06,450 - INFO - 采样到边缘点个数:(143, 2)
2021-02-16 15:03:06,452 - INFO - 有效的点对个数为2399
2021-02-16 15:03:09,244 - INFO - 遍历所有有效点对，共采样103个候选抓取
2021-02-16 15:03:09,970 - INFO - 采样到边缘点个数:(129, 2)
2021-02-16 15:03:09,973 - INFO - 有效的点对个数为1292
2021-02-16 15:03:10,960 - INFO - 遍历所有有效点对，共采样164个候选抓取
2021-02-16 15:03:11,586 - INFO - 采样到边缘点个数:(202, 2)
2021-02-16 15:03:11,590 - INFO - 有效的点对个数为4014
2021-02-16 15:03:13,601 - INFO - 遍历所有有效点对，共采样103个候选抓取
2021-02-16 15:03:14,194 - INFO - 采样到边缘点个数:(166, 2)
2021-02-16 15:03:14,197 - INFO - 有效的点对个数为2571
2021-02-16 15:03:18,167 - INFO - 遍历所有有效点对，共采样172个候选抓取
2021-02-16 15:03:18,948 - INFO - 采样到边缘点个数:(117, 2)
2021-02-16 15:03:18,951 - INFO - 有效的点对个数为1307
2021-02-16 15:03:20,676 - INFO - 遍历所有有效点对，共采样145个候选抓取
2021-02-16 15:03:21,545 - INFO - 采样到边缘点个数:(141, 2)
2021-02-16 15:03:21,547 - INFO - 有效的点对个数为1389
2021-02-16 15:03:23,262 - INFO - 遍历所有有效点对，共采样179个候选抓取
2021-02-16 15:03:23,954 - INFO - 采样到边缘点个数:(138, 2)
2021-02-16 15:03:23,957 - INFO - 有效的点对个数为1456
2021-02-16 15:03:25,132 - INFO - 遍历所有有效点对，共采样138个候选抓取
2021-02-16 15:03:25,752 - INFO - 采样到边缘点个数:(281, 2)
2021-02-16 15:03:25,758 - INFO - 有效的点对个数为7554
2021-02-16 15:03:26,303 - INFO - 未遍历所有有效点对，共采样200个候选抓取点对
2021-02-16 15:03:26,998 - INFO - 采样到边缘点个数:(258, 2)
2021-02-16 15:03:27,005 - INFO - 有效的点对个数为4839
2021-02-16 15:03:27,469 - INFO - 未遍历所有有效点对，共采样200个候选抓取点对
2021-02-16 15:03:28,255 - INFO - 采样到边缘点个数:(156, 2)
2021-02-16 15:03:28,260 - INFO - 有效的点对个数为2430
2021-02-16 15:03:29,453 - INFO - 遍历所有有效点对，共采样152个候选抓取
2021-02-16 15:03:29,849 - INFO - 采样到边缘点个数:(227, 2)
2021-02-16 15:03:29,857 - INFO - 有效的点对个数为5627
2021-02-16 15:03:33,222 - INFO - 遍历所有有效点对，共采样139个候选抓取
2021-02-16 15:03:33,846 - INFO - 采样到边缘点个数:(131, 2)
2021-02-16 15:03:33,848 - INFO - 有效的点对个数为1122
2021-02-16 15:03:34,641 - INFO - 遍历所有有效点对，共采样106个候选抓取
2021-02-16 15:03:35,266 - INFO - 采样到边缘点个数:(313, 2)
2021-02-16 15:03:35,273 - INFO - 有效的点对个数为6429
2021-02-16 15:03:36,371 - INFO - 未遍历所有有效点对，共采样200个候选抓取点对
2021-02-16 15:03:37,097 - INFO - 采样到边缘点个数:(222, 2)
2021-02-16 15:03:37,103 - INFO - 有效的点对个数为5100
2021-02-16 15:03:38,699 - INFO - 未遍历所有有效点对，共采样200个候选抓取点对
2021-02-16 15:03:39,322 - INFO - 采样到边缘点个数:(101, 2)
2021-02-16 15:03:39,326 - INFO - 有效的点对个数为727
2021-02-16 15:03:39,574 - INFO - 遍历所有有效点对，共采样93个候选抓取
2021-02-16 15:03:40,032 - INFO - 采样到边缘点个数:(196, 2)
2021-02-16 15:03:40,038 - INFO - 有效的点对个数为4343
2021-02-16 15:03:42,706 - INFO - 遍历所有有效点对，共采样104个候选抓取
2021-02-16 15:03:43,339 - INFO - 采样到边缘点个数:(192, 2)
2021-02-16 15:03:43,346 - INFO - 有效的点对个数为3922
2021-02-16 15:03:44,621 - INFO - 遍历所有有效点对，共采样152个候选抓取
2021-02-16 15:03:45,279 - INFO - 采样到边缘点个数:(77, 2)
2021-02-16 15:03:45,283 - INFO - 有效的点对个数为479
2021-02-16 15:03:45,485 - INFO - 遍历所有有效点对，共采样63个候选抓取
2021-02-16 15:03:46,046 - INFO - 采样到边缘点个数:(142, 2)
2021-02-16 15:03:46,050 - INFO - 有效的点对个数为1583
2021-02-16 15:03:48,160 - INFO - 遍历所有有效点对，共采样163个候选抓取
2021-02-16 15:03:48,647 - INFO - 采样到边缘点个数:(33, 2)
2021-02-16 15:03:48,648 - INFO - 有效的点对个数为32
2021-02-16 15:03:48,649 - INFO - 遍历所有有效点对，共采样2个候选抓取
2021-02-16 15:03:48,653 - INFO - 采样到边缘点个数:(33, 2)
2021-02-16 15:03:48,654 - INFO - 有效的点对个数为32
2021-02-16 15:03:48,655 - INFO - 遍历所有有效点对，共采样2个候选抓取
2021-02-16 15:03:48,659 - INFO - 采样到边缘点个数:(33, 2)
2021-02-16 15:03:48,660 - INFO - 有效的点对个数为32
2021-02-16 15:03:48,661 - INFO - 遍历所有有效点对，共采样2个候选抓取
2021-02-16 15:03:48,664 - INFO - 采样到边缘点个数:(33, 2)
2021-02-16 15:03:48,665 - INFO - 有效的点对个数为32
2021-02-16 15:03:48,666 - INFO - 遍历所有有效点对，共采样2个候选抓取
2021-02-16 15:03:48,670 - INFO - 采样到边缘点个数:(33, 2)
2021-02-16 15:03:48,671 - INFO - 有效的点对个数为32
2021-02-16 15:03:48,672 - INFO - 遍历所有有效点对，共采样2个候选抓取
2021-02-16 15:03:48,779 - INFO - 采样到边缘点个数:(132, 2)
2021-02-16 15:03:48,784 - INFO - 有效的点对个数为1415
2021-02-16 15:03:49,640 - INFO - 遍历所有有效点对，共采样129个候选抓取
2021-02-16 15:03:50,319 - INFO - 采样到边缘点个数:(207, 2)
2021-02-16 15:03:50,323 - INFO - 有效的点对个数为2656
2021-02-16 15:03:52,639 - INFO - 遍历所有有效点对，共采样176个候选抓取
2021-02-16 15:03:53,267 - INFO - 采样到边缘点个数:(72, 2)
2021-02-16 15:03:53,270 - INFO - 有效的点对个数为370
2021-02-16 15:03:53,419 - INFO - 遍历所有有效点对，共采样61个候选抓取
2021-02-16 15:03:53,948 - INFO - 采样到边缘点个数:(94, 2)
2021-02-16 15:03:53,950 - INFO - 有效的点对个数为712
2021-02-16 15:03:54,111 - INFO - 遍历所有有效点对，共采样59个候选抓取
2021-02-16 15:03:54,673 - INFO - 采样到边缘点个数:(183, 2)
2021-02-16 15:03:54,676 - INFO - 有效的点对个数为3625
2021-02-16 15:03:57,349 - INFO - 遍历所有有效点对，共采样136个候选抓取
2021-02-16 15:03:58,095 - INFO - 采样到边缘点个数:(173, 2)
2021-02-16 15:03:58,099 - INFO - 有效的点对个数为2829
2021-02-16 15:04:00,840 - INFO - 遍历所有有效点对，共采样143个候选抓取
2021-02-16 15:04:01,536 - INFO - 采样到边缘点个数:(107, 2)
2021-02-16 15:04:01,537 - INFO - 有效的点对个数为1050
2021-02-16 15:04:02,256 - INFO - 遍历所有有效点对，共采样87个候选抓取
2021-02-16 15:04:02,752 - INFO - 采样到边缘点个数:(620, 2)
2021-02-16 15:04:02,772 - INFO - 有效的点对个数为20740
2021-02-16 15:04:03,185 - INFO - 未遍历所有有效点对，共采样200个候选抓取点对
2021-02-16 15:04:03,898 - INFO - 采样到边缘点个数:(327, 2)
2021-02-16 15:04:03,907 - INFO - 有效的点对个数为13473
2021-02-16 15:04:05,454 - INFO - 未遍历所有有效点对，共采样200个候选抓取点对
2021-02-16 15:04:06,135 - INFO - 采样到边缘点个数:(419, 2)
2021-02-16 15:04:06,150 - INFO - 有效的点对个数为15927
2021-02-16 15:04:06,670 - INFO - 未遍历所有有效点对，共采样200个候选抓取点对
2021-02-16 15:04:07,360 - INFO - 采样到边缘点个数:(143, 2)
2021-02-16 15:04:07,363 - INFO - 有效的点对个数为2401
2021-02-16 15:04:09,894 - INFO - 遍历所有有效点对，共采样100个候选抓取
2021-02-16 15:04:10,559 - INFO - 采样到边缘点个数:(141, 2)
2021-02-16 15:04:10,565 - INFO - 有效的点对个数为2218
2021-02-16 15:04:12,046 - INFO - 遍历所有有效点对，共采样186个候选抓取
2021-02-16 15:04:12,747 - INFO - 采样到边缘点个数:(322, 2)
2021-02-16 15:04:12,752 - INFO - 有效的点对个数为6009
2021-02-16 15:04:16,729 - INFO - 未遍历所有有效点对，共采样200个候选抓取点对
2021-02-16 15:04:17,347 - INFO - 采样到边缘点个数:(167, 2)
2021-02-16 15:04:17,350 - INFO - 有效的点对个数为1998
2021-02-16 15:04:17,991 - INFO - 未遍历所有有效点对，共采样200个候选抓取点对
2021-02-16 15:04:18,634 - INFO - 采样到边缘点个数:(296, 2)
2021-02-16 15:04:18,640 - INFO - 有效的点对个数为5007
2021-02-16 15:04:20,889 - INFO - 未遍历所有有效点对，共采样200个候选抓取点对
2021-02-16 15:04:21,508 - INFO - 采样到边缘点个数:(177, 2)
2021-02-16 15:04:21,511 - INFO - 有效的点对个数为2617
2021-02-16 15:04:22,572 - INFO - 未遍历所有有效点对，共采样200个候选抓取点对
2021-02-16 15:04:23,287 - INFO - 采样到边缘点个数:(220, 2)
2021-02-16 15:04:23,291 - INFO - 有效的点对个数为5599
2021-02-16 15:04:26,703 - INFO - 遍历所有有效点对，共采样113个候选抓取
2021-02-16 15:04:27,343 - INFO - 采样到边缘点个数:(117, 2)
2021-02-16 15:04:27,345 - INFO - 有效的点对个数为1011
2021-02-16 15:04:27,791 - INFO - 遍历所有有效点对，共采样102个候选抓取
2021-02-16 15:04:28,525 - INFO - 采样到边缘点个数:(210, 2)
2021-02-16 15:04:28,530 - INFO - 有效的点对个数为4883
2021-02-16 15:04:35,495 - INFO - 遍历所有有效点对，共采样196个候选抓取
2021-02-16 15:04:36,153 - INFO - 采样到边缘点个数:(253, 2)
2021-02-16 15:04:36,158 - INFO - 有效的点对个数为6213
2021-02-16 15:04:37,346 - INFO - 未遍历所有有效点对，共采样200个候选抓取点对
2021-02-16 15:04:37,788 - INFO - 采样到边缘点个数:(135, 2)
2021-02-16 15:04:37,791 - INFO - 有效的点对个数为2126
2021-02-16 15:04:40,164 - INFO - 遍历所有有效点对，共采样124个候选抓取
2021-02-16 15:04:40,857 - INFO - 采样到边缘点个数:(226, 2)
2021-02-16 15:04:40,861 - INFO - 有效的点对个数为5105
2021-02-16 15:04:42,613 - INFO - 遍历所有有效点对，共采样194个候选抓取
2021-02-16 15:04:43,360 - INFO - 采样到边缘点个数:(270, 2)
2021-02-16 15:04:43,365 - INFO - 有效的点对个数为8406
2021-02-16 15:04:50,989 - INFO - 遍历所有有效点对，共采样156个候选抓取
2021-02-16 15:04:51,586 - INFO - 采样到边缘点个数:(129, 2)
2021-02-16 15:04:51,590 - INFO - 有效的点对个数为1178
2021-02-16 15:04:52,598 - INFO - 遍历所有有效点对，共采样129个候选抓取
2021-02-16 15:04:53,158 - INFO - 采样到边缘点个数:(108, 2)
2021-02-16 15:04:53,161 - INFO - 有效的点对个数为675
2021-02-16 15:04:53,651 - INFO - 遍历所有有效点对，共采样103个候选抓取
2021-02-16 15:04:54,241 - INFO - 采样到边缘点个数:(122, 2)
2021-02-16 15:04:54,245 - INFO - 有效的点对个数为1285
2021-02-16 15:04:55,306 - INFO - 遍历所有有效点对，共采样162个候选抓取
2021-02-16 15:04:55,930 - INFO - 采样到边缘点个数:(162, 2)
2021-02-16 15:04:55,935 - INFO - 有效的点对个数为2789
2021-02-16 15:04:59,800 - INFO - 遍历所有有效点对，共采样141个候选抓取
2021-02-16 15:05:00,513 - INFO - 采样到边缘点个数:(156, 2)
2021-02-16 15:05:00,515 - INFO - 有效的点对个数为1902
2021-02-16 15:05:01,620 - INFO - 未遍历所有有效点对，共采样200个候选抓取点对
2021-02-16 15:05:02,210 - INFO - 采样到边缘点个数:(159, 2)
2021-02-16 15:05:02,215 - INFO - 有效的点对个数为2090
2021-02-16 15:05:03,034 - INFO - 未遍历所有有效点对，共采样200个候选抓取点对
2021-02-16 15:05:03,614 - INFO - 采样到边缘点个数:(108, 2)
2021-02-16 15:05:03,618 - INFO - 有效的点对个数为573
2021-02-16 15:05:03,792 - INFO - 遍历所有有效点对，共采样56个候选抓取
2021-02-16 15:05:04,375 - INFO - 采样到边缘点个数:(278, 2)
2021-02-16 15:05:04,386 - INFO - 有效的点对个数为9278
2021-02-16 15:05:05,977 - INFO - 未遍历所有有效点对，共采样200个候选抓取点对
2021-02-16 15:05:06,680 - INFO - 采样到边缘点个数:(171, 2)
2021-02-16 15:05:06,686 - INFO - 有效的点对个数为3684
2021-02-16 15:05:11,184 - INFO - 遍历所有有效点对，共采样129个候选抓取
2021-02-16 15:05:11,939 - INFO - 采样到边缘点个数:(492, 2)
2021-02-16 15:05:11,949 - INFO - 有效的点对个数为20209
2021-02-16 15:05:12,702 - INFO - 未遍历所有有效点对，共采样200个候选抓取点对
2021-02-16 15:05:13,580 - INFO - 采样到边缘点个数:(239, 2)
2021-02-16 15:05:13,588 - INFO - 有效的点对个数为7008
2021-02-16 15:05:15,227 - INFO - 未遍历所有有效点对，共采样200个候选抓取点对
2021-02-16 15:05:15,994 - INFO - 采样到边缘点个数:(801, 2)
2021-02-16 15:05:16,012 - INFO - 有效的点对个数为39099
2021-02-16 15:05:16,501 - INFO - 未遍历所有有效点对，共采样200个候选抓取点对
2021-02-16 15:05:17,268 - INFO - 采样到边缘点个数:(172, 2)
2021-02-16 15:05:17,271 - INFO - 有效的点对个数为2282
2021-02-16 15:05:18,139 - INFO - 未遍历所有有效点对，共采样200个候选抓取点对
2021-02-16 15:05:18,807 - INFO - 采样到边缘点个数:(89, 2)
2021-02-16 15:05:18,809 - INFO - 有效的点对个数为614
2021-02-16 15:05:18,927 - INFO - 遍历所有有效点对，共采样81个候选抓取
2021-02-16 15:05:19,500 - INFO - 采样到边缘点个数:(101, 2)
2021-02-16 15:05:19,504 - INFO - 有效的点对个数为616
2021-02-16 15:05:19,890 - INFO - 遍历所有有效点对，共采样73个候选抓取
2021-02-16 15:05:20,568 - INFO - 采样到边缘点个数:(166, 2)
2021-02-16 15:05:20,571 - INFO - 有效的点对个数为2245
2021-02-16 15:05:21,818 - INFO - 未遍历所有有效点对，共采样200个候选抓取点对
2021-02-16 15:05:22,550 - INFO - 采样到边缘点个数:(228, 2)
2021-02-16 15:05:22,553 - INFO - 有效的点对个数为5528
2021-02-16 15:05:24,356 - INFO - 未遍历所有有效点对，共采样200个候选抓取点对
2021-02-16 15:05:24,975 - INFO - 采样到边缘点个数:(148, 2)
2021-02-16 15:05:24,978 - INFO - 有效的点对个数为2365
2021-02-16 15:05:26,005 - INFO - 遍历所有有效点对，共采样163个候选抓取
2021-02-16 15:05:26,898 - INFO - 采样到边缘点个数:(118, 2)
2021-02-16 15:05:26,901 - INFO - 有效的点对个数为886
2021-02-16 15:05:27,758 - INFO - 遍历所有有效点对，共采样132个候选抓取
2021-02-16 15:05:28,436 - INFO - 采样到边缘点个数:(266, 2)
2021-02-16 15:05:28,446 - INFO - 有效的点对个数为5695
2021-02-16 15:05:29,226 - INFO - 未遍历所有有效点对，共采样200个候选抓取点对
2021-02-16 15:05:29,946 - INFO - 采样到边缘点个数:(115, 2)
2021-02-16 15:05:29,949 - INFO - 有效的点对个数为1569
2021-02-16 15:05:30,637 - INFO - 遍历所有有效点对，共采样113个候选抓取
2021-02-16 15:05:31,250 - INFO - 采样到边缘点个数:(215, 2)
2021-02-16 15:05:31,254 - INFO - 有效的点对个数为3346
2021-02-16 15:05:32,245 - INFO - 未遍历所有有效点对，共采样200个候选抓取点对
2021-02-16 15:05:32,955 - INFO - 采样到边缘点个数:(176, 2)
2021-02-16 15:05:32,958 - INFO - 有效的点对个数为2248
2021-02-16 15:05:34,797 - INFO - 未遍历所有有效点对，共采样200个候选抓取点对
2021-02-16 15:05:35,629 - INFO - 采样到边缘点个数:(180, 2)
2021-02-16 15:05:35,634 - INFO - 有效的点对个数为4850
2021-02-16 15:05:36,560 - INFO - 遍历所有有效点对，共采样183个候选抓取
2021-02-16 15:05:37,367 - INFO - 采样到边缘点个数:(0, 2)
2021-02-16 15:05:37,368 - INFO - 有效的点对个数为0
2021-02-16 15:05:37,368 - WARNING - 没有找到合适的点对
2021-02-16 15:05:37,368 - INFO - 遍历所有有效点对，共采样0个候选抓取
2021-02-16 15:05:37,368 - ERROR - 采样抓取失败
2021-02-16 15:05:37,368 - INFO - 采样到边缘点个数:(0, 2)
2021-02-16 15:05:37,369 - INFO - 有效的点对个数为0
2021-02-16 15:05:37,369 - WARNING - 没有找到合适的点对
2021-02-16 15:05:37,369 - INFO - 遍历所有有效点对，共采样0个候选抓取
2021-02-16 15:05:37,369 - ERROR - 采样抓取失败
2021-02-16 15:05:37,369 - INFO - 采样到边缘点个数:(0, 2)
2021-02-16 15:05:37,370 - INFO - 有效的点对个数为0
2021-02-16 15:05:37,370 - WARNING - 没有找到合适的点对
2021-02-16 15:05:37,370 - INFO - 遍历所有有效点对，共采样0个候选抓取
2021-02-16 15:05:37,370 - ERROR - 采样抓取失败
2021-02-16 15:05:37,371 - INFO - 采样到边缘点个数:(0, 2)
2021-02-16 15:05:37,371 - INFO - 有效的点对个数为0
2021-02-16 15:05:37,371 - WARNING - 没有找到合适的点对
2021-02-16 15:05:37,371 - INFO - 遍历所有有效点对，共采样0个候选抓取
2021-02-16 15:05:37,371 - ERROR - 采样抓取失败
2021-02-16 15:05:37,372 - INFO - 采样到边缘点个数:(0, 2)
2021-02-16 15:05:37,372 - INFO - 有效的点对个数为0
2021-02-16 15:05:37,372 - WARNING - 没有找到合适的点对
2021-02-16 15:05:37,372 - INFO - 遍历所有有效点对，共采样0个候选抓取
2021-02-16 15:05:37,372 - ERROR - 采样抓取失败
2021-02-16 15:05:37,498 - INFO - 采样到边缘点个数:(196, 2)
2021-02-16 15:05:37,501 - INFO - 有效的点对个数为3525
2021-02-16 15:05:39,156 - INFO - 未遍历所有有效点对，共采样200个候选抓取点对
2021-02-16 15:05:39,783 - INFO - 采样到边缘点个数:(269, 2)
2021-02-16 15:05:39,789 - INFO - 有效的点对个数为5851
2021-02-16 15:05:41,111 - INFO - 未遍历所有有效点对，共采样200个候选抓取点对
2021-02-16 15:05:41,817 - INFO - 采样到边缘点个数:(178, 2)
2021-02-16 15:05:41,820 - INFO - 有效的点对个数为2744
