2020-02-07 16:07:16,695 - WARNING - From /usr/local/lib/python3.6/dist-packages/tensorflow/python/data/ops/dataset_ops.py:1419: colocate_with (from tensorflow.python.framework.ops) is deprecated and will be removed in a future version.
Instructions for updating:
Colocations handled automatically by placer.
2020-02-07 16:07:17,438 - INFO - not find model, init variable random
2020-02-07 16:08:09,048 - WARNING - From /usr/local/lib/python3.6/dist-packages/tensorflow/python/data/ops/dataset_ops.py:1419: colocate_with (from tensorflow.python.framework.ops) is deprecated and will be removed in a future version.
Instructions for updating:
Colocations handled automatically by placer.
2020-02-07 16:08:09,621 - INFO - not find model, init variable random
2020-02-07 16:08:09,621 - INFO - summary to the dir: /root/Project/gmdata/gq-data/models/mix-dir-20x100/summary/2020-02-07T16-08-09/
2020-02-07 16:08:17,890 - INFO - 0 epoch validation is 22.955!
2020-02-07 16:08:17,890 - INFO - 1 epoch training is start!
2020-02-07 16:08:19,804 - DEBUG - step: 100, mean_loss: 1.3788, mean_acc: 0.8214
2020-02-07 16:08:21,333 - DEBUG - step: 200, mean_loss: 1.3249, mean_acc: 0.8283
2020-02-07 16:08:22,863 - DEBUG - step: 300, mean_loss: 1.2455, mean_acc: 0.8364
2020-02-07 16:08:24,392 - DEBUG - step: 400, mean_loss: 1.2194, mean_acc: 0.8386
2020-02-07 16:08:25,921 - DEBUG - step: 500, mean_loss: 1.2039, mean_acc: 0.8395
2020-02-07 16:08:27,450 - DEBUG - step: 600, mean_loss: 1.1796, mean_acc: 0.8495
2020-02-07 16:08:28,978 - DEBUG - step: 700, mean_loss: 1.1645, mean_acc: 0.8478
2020-02-07 16:08:30,508 - DEBUG - step: 800, mean_loss: 1.1515, mean_acc: 0.8472
2020-02-07 16:08:32,039 - DEBUG - step: 900, mean_loss: 1.1433, mean_acc: 0.8461
2020-02-07 16:08:33,567 - DEBUG - step: 1000, mean_loss: 1.1315, mean_acc: 0.8462
2020-02-07 16:08:35,095 - DEBUG - step: 1100, mean_loss: 1.1036, mean_acc: 0.8559
2020-02-07 16:08:36,627 - DEBUG - step: 1200, mean_loss: 1.0894, mean_acc: 0.8520
2020-02-07 16:08:38,157 - DEBUG - step: 1300, mean_loss: 1.0944, mean_acc: 0.8484
2020-02-07 16:08:39,684 - DEBUG - step: 1400, mean_loss: 1.0756, mean_acc: 0.8492
2020-02-07 16:08:41,215 - DEBUG - step: 1500, mean_loss: 1.0589, mean_acc: 0.8567
2020-02-07 16:08:42,748 - DEBUG - step: 1600, mean_loss: 1.0395, mean_acc: 0.8636
2020-02-07 16:08:44,281 - DEBUG - step: 1700, mean_loss: 1.0369, mean_acc: 0.8572
2020-02-07 16:08:45,814 - DEBUG - step: 1800, mean_loss: 1.0209, mean_acc: 0.8567
2020-02-07 16:08:47,346 - DEBUG - step: 1900, mean_loss: 1.0054, mean_acc: 0.8597
2020-02-07 16:08:48,879 - DEBUG - step: 2000, mean_loss: 0.9927, mean_acc: 0.8617
2020-02-07 16:08:50,412 - DEBUG - step: 2100, mean_loss: 0.9966, mean_acc: 0.8514
2020-02-07 16:08:51,944 - DEBUG - step: 2200, mean_loss: 0.9776, mean_acc: 0.8578
2020-02-07 16:08:53,477 - DEBUG - step: 2300, mean_loss: 0.9821, mean_acc: 0.8559
2020-02-07 16:08:55,007 - DEBUG - step: 2400, mean_loss: 0.9623, mean_acc: 0.8552
2020-02-07 16:08:56,538 - DEBUG - step: 2500, mean_loss: 0.9667, mean_acc: 0.8492
2020-02-07 16:08:58,069 - DEBUG - step: 2600, mean_loss: 0.9369, mean_acc: 0.8627
2020-02-07 16:08:59,602 - DEBUG - step: 2700, mean_loss: 0.9278, mean_acc: 0.8570
2020-02-07 16:09:01,134 - DEBUG - step: 2800, mean_loss: 0.9385, mean_acc: 0.8500
2020-02-07 16:09:02,661 - DEBUG - step: 2900, mean_loss: 0.9193, mean_acc: 0.8541
2020-02-07 16:09:04,197 - DEBUG - step: 3000, mean_loss: 0.8994, mean_acc: 0.8670
2020-02-07 16:09:05,729 - DEBUG - step: 3100, mean_loss: 0.9022, mean_acc: 0.8580
2020-02-07 16:09:07,261 - DEBUG - step: 3200, mean_loss: 0.8870, mean_acc: 0.8566
2020-02-07 16:09:08,793 - DEBUG - step: 3300, mean_loss: 0.8775, mean_acc: 0.8509
2020-02-07 16:09:10,325 - DEBUG - step: 3400, mean_loss: 0.8673, mean_acc: 0.8597
2020-02-07 16:09:11,855 - DEBUG - step: 3500, mean_loss: 0.8706, mean_acc: 0.8530
2020-02-07 16:09:13,386 - DEBUG - step: 3600, mean_loss: 0.8539, mean_acc: 0.8577
2020-02-07 16:09:14,918 - DEBUG - step: 3700, mean_loss: 0.8489, mean_acc: 0.8577
2020-02-07 16:09:16,450 - DEBUG - step: 3800, mean_loss: 0.8305, mean_acc: 0.8641
2020-02-07 16:09:17,982 - DEBUG - step: 3900, mean_loss: 0.8319, mean_acc: 0.8583
2020-02-07 16:09:19,512 - DEBUG - step: 4000, mean_loss: 0.8165, mean_acc: 0.8669
2020-02-07 16:09:21,043 - DEBUG - step: 4100, mean_loss: 0.8090, mean_acc: 0.8566
2020-02-07 16:09:22,573 - DEBUG - step: 4200, mean_loss: 0.8003, mean_acc: 0.8639
2020-02-07 16:09:24,106 - DEBUG - step: 4300, mean_loss: 0.7937, mean_acc: 0.8592
2020-02-07 16:09:25,636 - DEBUG - step: 4400, mean_loss: 0.7902, mean_acc: 0.8652
2020-02-07 16:09:27,168 - DEBUG - step: 4500, mean_loss: 0.7883, mean_acc: 0.8573
2020-02-07 16:09:28,700 - DEBUG - step: 4600, mean_loss: 0.7751, mean_acc: 0.8634
2020-02-07 16:09:30,234 - DEBUG - step: 4700, mean_loss: 0.7542, mean_acc: 0.8705
2020-02-07 16:09:31,766 - DEBUG - step: 4800, mean_loss: 0.7464, mean_acc: 0.8697
2020-02-07 16:09:33,297 - DEBUG - step: 4900, mean_loss: 0.7519, mean_acc: 0.8623
2020-02-07 16:09:34,828 - DEBUG - step: 5000, mean_loss: 0.7486, mean_acc: 0.8642
2020-02-07 16:09:36,362 - DEBUG - step: 5100, mean_loss: 0.7355, mean_acc: 0.8623
2020-02-07 16:09:37,893 - DEBUG - step: 5200, mean_loss: 0.7442, mean_acc: 0.8639
2020-02-07 16:09:39,427 - DEBUG - step: 5300, mean_loss: 0.7282, mean_acc: 0.8623
2020-02-07 16:09:40,957 - DEBUG - step: 5400, mean_loss: 0.7154, mean_acc: 0.8673
2020-02-07 16:09:42,491 - DEBUG - step: 5500, mean_loss: 0.7036, mean_acc: 0.8717
2020-02-07 16:09:44,024 - DEBUG - step: 5600, mean_loss: 0.7011, mean_acc: 0.8641
2020-02-07 16:09:45,553 - DEBUG - step: 5700, mean_loss: 0.7071, mean_acc: 0.8584
2020-02-07 16:09:47,083 - DEBUG - step: 5800, mean_loss: 0.7026, mean_acc: 0.8639
2020-02-07 16:09:48,613 - DEBUG - step: 5900, mean_loss: 0.7008, mean_acc: 0.8619
2020-02-07 16:09:50,146 - DEBUG - step: 6000, mean_loss: 0.6851, mean_acc: 0.8622
2020-02-07 16:09:51,678 - DEBUG - step: 6100, mean_loss: 0.6808, mean_acc: 0.8675
2020-02-07 16:09:53,210 - DEBUG - step: 6200, mean_loss: 0.6776, mean_acc: 0.8614
2020-02-07 16:09:54,742 - DEBUG - step: 6300, mean_loss: 0.6756, mean_acc: 0.8627
2020-02-07 16:09:56,273 - DEBUG - step: 6400, mean_loss: 0.6708, mean_acc: 0.8597
2020-02-07 16:09:57,807 - DEBUG - step: 6500, mean_loss: 0.6728, mean_acc: 0.8570
2020-02-07 16:09:59,338 - DEBUG - step: 6600, mean_loss: 0.6555, mean_acc: 0.8653
2020-02-07 16:10:00,869 - DEBUG - step: 6700, mean_loss: 0.6421, mean_acc: 0.8656
2020-02-07 16:10:02,405 - DEBUG - step: 6800, mean_loss: 0.6568, mean_acc: 0.8528
2020-02-07 16:10:03,942 - DEBUG - step: 6900, mean_loss: 0.6539, mean_acc: 0.8523
2020-02-07 16:10:05,475 - DEBUG - step: 7000, mean_loss: 0.6512, mean_acc: 0.8552
2020-02-07 16:10:07,005 - DEBUG - step: 7100, mean_loss: 0.6247, mean_acc: 0.8655
2020-02-07 16:10:08,538 - DEBUG - step: 7200, mean_loss: 0.6215, mean_acc: 0.8619
2020-02-07 16:10:10,067 - DEBUG - step: 7300, mean_loss: 0.6188, mean_acc: 0.8641
2020-02-07 16:10:11,599 - DEBUG - step: 7400, mean_loss: 0.6333, mean_acc: 0.8531
2020-02-07 16:10:13,131 - DEBUG - step: 7500, mean_loss: 0.6100, mean_acc: 0.8614
2020-02-07 16:10:14,662 - DEBUG - step: 7600, mean_loss: 0.6002, mean_acc: 0.8661
2020-02-07 16:10:16,194 - DEBUG - step: 7700, mean_loss: 0.6121, mean_acc: 0.8556
2020-02-07 16:10:17,726 - DEBUG - step: 7800, mean_loss: 0.6037, mean_acc: 0.8603
2020-02-07 16:10:19,260 - DEBUG - step: 7900, mean_loss: 0.5940, mean_acc: 0.8638
2020-02-07 16:10:20,793 - DEBUG - step: 8000, mean_loss: 0.5871, mean_acc: 0.8614
2020-02-07 16:10:22,326 - DEBUG - step: 8100, mean_loss: 0.5814, mean_acc: 0.8672
2020-02-07 16:10:23,859 - DEBUG - step: 8200, mean_loss: 0.5684, mean_acc: 0.8697
2020-02-07 16:10:25,391 - DEBUG - step: 8300, mean_loss: 0.5740, mean_acc: 0.8588
2020-02-07 16:10:26,923 - DEBUG - step: 8400, mean_loss: 0.5740, mean_acc: 0.8619
2020-02-07 16:10:28,455 - DEBUG - step: 8500, mean_loss: 0.5650, mean_acc: 0.8653
2020-02-07 16:10:29,987 - DEBUG - step: 8600, mean_loss: 0.5692, mean_acc: 0.8659
2020-02-07 16:10:31,518 - DEBUG - step: 8700, mean_loss: 0.5649, mean_acc: 0.8603
2020-02-07 16:10:33,049 - DEBUG - step: 8800, mean_loss: 0.5547, mean_acc: 0.8648
2020-02-07 16:10:34,580 - DEBUG - step: 8900, mean_loss: 0.5580, mean_acc: 0.8581
2020-02-07 16:10:36,112 - DEBUG - step: 9000, mean_loss: 0.5390, mean_acc: 0.8709
2020-02-07 16:10:37,644 - DEBUG - step: 9100, mean_loss: 0.5502, mean_acc: 0.8655
2020-02-07 16:10:39,175 - DEBUG - step: 9200, mean_loss: 0.5440, mean_acc: 0.8602
2020-02-07 16:10:40,705 - DEBUG - step: 9300, mean_loss: 0.5381, mean_acc: 0.8652
2020-02-07 16:10:42,236 - DEBUG - step: 9400, mean_loss: 0.5459, mean_acc: 0.8627
2020-02-07 16:10:43,769 - DEBUG - step: 9500, mean_loss: 0.5275, mean_acc: 0.8686
2020-02-07 16:10:45,302 - DEBUG - step: 9600, mean_loss: 0.5335, mean_acc: 0.8602
2020-02-07 16:10:46,834 - DEBUG - step: 9700, mean_loss: 0.5281, mean_acc: 0.8617
2020-02-07 16:10:48,367 - DEBUG - step: 9800, mean_loss: 0.5233, mean_acc: 0.8659
2020-02-07 16:10:49,898 - DEBUG - step: 9900, mean_loss: 0.5314, mean_acc: 0.8623
2020-02-07 16:10:51,431 - DEBUG - step: 10000, mean_loss: 0.5217, mean_acc: 0.8614
2020-02-07 16:10:52,965 - DEBUG - step: 10100, mean_loss: 0.5002, mean_acc: 0.8702
2020-02-07 16:10:54,497 - DEBUG - step: 10200, mean_loss: 0.5107, mean_acc: 0.8602
2020-02-07 16:10:56,032 - DEBUG - step: 10300, mean_loss: 0.5118, mean_acc: 0.8605
2020-02-07 16:10:57,564 - DEBUG - step: 10400, mean_loss: 0.5050, mean_acc: 0.8658
2020-02-07 16:10:59,105 - DEBUG - step: 10500, mean_loss: 0.5016, mean_acc: 0.8680
2020-02-07 16:11:00,547 - DEBUG - step: 10600, mean_loss: 0.5065, mean_acc: 0.8594
2020-02-07 16:11:01,571 - INFO - 1 epoch training is finish!
2020-02-07 16:11:07,691 - INFO - 1 epoch validation is 86.502!
2020-02-07 16:11:07,880 - INFO - 2 epoch training is start!
2020-02-07 16:11:08,604 - DEBUG - step: 10700, mean_loss: 0.5003, mean_acc: 0.8630
2020-02-07 16:11:10,139 - DEBUG - step: 10800, mean_loss: 0.5026, mean_acc: 0.8559
2020-02-07 16:11:11,674 - DEBUG - step: 10900, mean_loss: 0.4907, mean_acc: 0.8655
2020-02-07 16:11:13,208 - DEBUG - step: 11000, mean_loss: 0.4907, mean_acc: 0.8636
2020-02-07 16:11:14,745 - DEBUG - step: 11100, mean_loss: 0.4835, mean_acc: 0.8631
2020-02-07 16:11:16,278 - DEBUG - step: 11200, mean_loss: 0.4754, mean_acc: 0.8698
2020-02-07 16:11:17,812 - DEBUG - step: 11300, mean_loss: 0.4766, mean_acc: 0.8641
2020-02-07 16:11:19,345 - DEBUG - step: 11400, mean_loss: 0.4855, mean_acc: 0.8625
2020-02-07 16:11:20,879 - DEBUG - step: 11500, mean_loss: 0.4806, mean_acc: 0.8619
2020-02-07 16:11:22,413 - DEBUG - step: 11600, mean_loss: 0.4706, mean_acc: 0.8628
2020-02-07 16:11:23,949 - DEBUG - step: 11700, mean_loss: 0.4809, mean_acc: 0.8597
2020-02-07 16:11:25,485 - DEBUG - step: 11800, mean_loss: 0.4669, mean_acc: 0.8708
2020-02-07 16:11:27,019 - DEBUG - step: 11900, mean_loss: 0.4738, mean_acc: 0.8594
2020-02-07 16:11:28,552 - DEBUG - step: 12000, mean_loss: 0.4570, mean_acc: 0.8681
2020-02-07 16:11:30,085 - DEBUG - step: 12100, mean_loss: 0.4540, mean_acc: 0.8678
2020-02-07 16:11:31,618 - DEBUG - step: 12200, mean_loss: 0.4552, mean_acc: 0.8684
2020-02-07 16:11:33,149 - DEBUG - step: 12300, mean_loss: 0.4598, mean_acc: 0.8634
2020-02-07 16:11:34,690 - DEBUG - step: 12400, mean_loss: 0.4573, mean_acc: 0.8650
2020-02-07 16:11:36,225 - DEBUG - step: 12500, mean_loss: 0.4424, mean_acc: 0.8680
2020-02-07 16:11:37,759 - DEBUG - step: 12600, mean_loss: 0.4487, mean_acc: 0.8686
2020-02-07 16:11:39,290 - DEBUG - step: 12700, mean_loss: 0.4475, mean_acc: 0.8648
2020-02-07 16:11:40,825 - DEBUG - step: 12800, mean_loss: 0.4404, mean_acc: 0.8716
2020-02-07 16:11:42,357 - DEBUG - step: 12900, mean_loss: 0.4426, mean_acc: 0.8661
2020-02-07 16:11:43,888 - DEBUG - step: 13000, mean_loss: 0.4484, mean_acc: 0.8673
2020-02-07 16:11:45,421 - DEBUG - step: 13100, mean_loss: 0.4492, mean_acc: 0.8614
2020-02-07 16:11:46,953 - DEBUG - step: 13200, mean_loss: 0.4396, mean_acc: 0.8644
2020-02-07 16:11:48,485 - DEBUG - step: 13300, mean_loss: 0.4290, mean_acc: 0.8703
2020-02-07 16:11:50,019 - DEBUG - step: 13400, mean_loss: 0.4410, mean_acc: 0.8611
2020-02-07 16:11:51,552 - DEBUG - step: 13500, mean_loss: 0.4369, mean_acc: 0.8673
2020-02-07 16:11:53,084 - DEBUG - step: 13600, mean_loss: 0.4292, mean_acc: 0.8664
2020-02-07 16:11:54,615 - DEBUG - step: 13700, mean_loss: 0.4472, mean_acc: 0.8616
2020-02-07 16:11:56,146 - DEBUG - step: 13800, mean_loss: 0.4255, mean_acc: 0.8686
2020-02-07 16:11:57,678 - DEBUG - step: 13900, mean_loss: 0.4377, mean_acc: 0.8561
2020-02-07 16:11:59,212 - DEBUG - step: 14000, mean_loss: 0.4297, mean_acc: 0.8670
2020-02-07 16:12:00,743 - DEBUG - step: 14100, mean_loss: 0.4173, mean_acc: 0.8700
2020-02-07 16:12:02,274 - DEBUG - step: 14200, mean_loss: 0.4215, mean_acc: 0.8709
2020-02-07 16:12:03,808 - DEBUG - step: 14300, mean_loss: 0.4161, mean_acc: 0.8706
2020-02-07 16:12:05,340 - DEBUG - step: 14400, mean_loss: 0.4221, mean_acc: 0.8638
2020-02-07 16:12:06,874 - DEBUG - step: 14500, mean_loss: 0.4173, mean_acc: 0.8636
2020-02-07 16:12:08,406 - DEBUG - step: 14600, mean_loss: 0.4113, mean_acc: 0.8689
2020-02-07 16:12:09,939 - DEBUG - step: 14700, mean_loss: 0.4080, mean_acc: 0.8659
2020-02-07 16:12:11,473 - DEBUG - step: 14800, mean_loss: 0.4162, mean_acc: 0.8688
2020-02-07 16:12:13,005 - DEBUG - step: 14900, mean_loss: 0.4159, mean_acc: 0.8636
2020-02-07 16:12:14,537 - DEBUG - step: 15000, mean_loss: 0.4167, mean_acc: 0.8653
2020-02-07 16:12:16,074 - DEBUG - step: 15100, mean_loss: 0.4025, mean_acc: 0.8698
2020-02-07 16:12:17,612 - DEBUG - step: 15200, mean_loss: 0.4083, mean_acc: 0.8681
2020-02-07 16:12:19,142 - DEBUG - step: 15300, mean_loss: 0.3953, mean_acc: 0.8734
2020-02-07 16:12:20,672 - DEBUG - step: 15400, mean_loss: 0.3939, mean_acc: 0.8734
2020-02-07 16:12:22,206 - DEBUG - step: 15500, mean_loss: 0.3843, mean_acc: 0.8775
2020-02-07 16:12:23,739 - DEBUG - step: 15600, mean_loss: 0.4040, mean_acc: 0.8594
2020-02-07 16:12:25,273 - DEBUG - step: 15700, mean_loss: 0.3916, mean_acc: 0.8767
2020-02-07 16:12:26,806 - DEBUG - step: 15800, mean_loss: 0.3903, mean_acc: 0.8698
2020-02-07 16:12:28,339 - DEBUG - step: 15900, mean_loss: 0.3948, mean_acc: 0.8738
2020-02-07 16:12:29,872 - DEBUG - step: 16000, mean_loss: 0.3997, mean_acc: 0.8647
2020-02-07 16:12:31,404 - DEBUG - step: 16100, mean_loss: 0.3959, mean_acc: 0.8716
2020-02-07 16:12:32,937 - DEBUG - step: 16200, mean_loss: 0.3819, mean_acc: 0.8764
2020-02-07 16:12:34,469 - DEBUG - step: 16300, mean_loss: 0.3947, mean_acc: 0.8603
2020-02-07 16:12:36,004 - DEBUG - step: 16400, mean_loss: 0.4035, mean_acc: 0.8623
2020-02-07 16:12:37,538 - DEBUG - step: 16500, mean_loss: 0.3936, mean_acc: 0.8667
2020-02-07 16:12:39,070 - DEBUG - step: 16600, mean_loss: 0.3938, mean_acc: 0.8683
2020-02-07 16:12:40,604 - DEBUG - step: 16700, mean_loss: 0.3945, mean_acc: 0.8681
2020-02-07 16:12:42,138 - DEBUG - step: 16800, mean_loss: 0.3815, mean_acc: 0.8755
2020-02-07 16:12:43,671 - DEBUG - step: 16900, mean_loss: 0.3899, mean_acc: 0.8631
2020-02-07 16:12:45,203 - DEBUG - step: 17000, mean_loss: 0.3873, mean_acc: 0.8689
2020-02-07 16:12:46,735 - DEBUG - step: 17100, mean_loss: 0.3786, mean_acc: 0.8744
2020-02-07 16:12:48,267 - DEBUG - step: 17200, mean_loss: 0.3811, mean_acc: 0.8686
2020-02-07 16:12:49,801 - DEBUG - step: 17300, mean_loss: 0.3832, mean_acc: 0.8684
2020-02-07 16:12:51,333 - DEBUG - step: 17400, mean_loss: 0.3872, mean_acc: 0.8622
2020-02-07 16:12:52,866 - DEBUG - step: 17500, mean_loss: 0.4014, mean_acc: 0.8591
2020-02-07 16:12:54,400 - DEBUG - step: 17600, mean_loss: 0.3956, mean_acc: 0.8561
2020-02-07 16:12:55,936 - DEBUG - step: 17700, mean_loss: 0.3819, mean_acc: 0.8667
2020-02-07 16:12:57,468 - DEBUG - step: 17800, mean_loss: 0.3780, mean_acc: 0.8677
2020-02-07 16:12:59,000 - DEBUG - step: 17900, mean_loss: 0.3790, mean_acc: 0.8672
2020-02-07 16:13:00,531 - DEBUG - step: 18000, mean_loss: 0.3826, mean_acc: 0.8612
2020-02-07 16:13:02,067 - DEBUG - step: 18100, mean_loss: 0.3799, mean_acc: 0.8636
2020-02-07 16:13:03,598 - DEBUG - step: 18200, mean_loss: 0.3680, mean_acc: 0.8706
2020-02-07 16:13:05,129 - DEBUG - step: 18300, mean_loss: 0.3828, mean_acc: 0.8597
2020-02-07 16:13:06,660 - DEBUG - step: 18400, mean_loss: 0.3767, mean_acc: 0.8612
2020-02-07 16:13:08,193 - DEBUG - step: 18500, mean_loss: 0.3782, mean_acc: 0.8584
2020-02-07 16:13:09,726 - DEBUG - step: 18600, mean_loss: 0.3641, mean_acc: 0.8712
2020-02-07 16:13:11,257 - DEBUG - step: 18700, mean_loss: 0.3749, mean_acc: 0.8631
2020-02-07 16:13:12,789 - DEBUG - step: 18800, mean_loss: 0.3626, mean_acc: 0.8705
2020-02-07 16:13:14,322 - DEBUG - step: 18900, mean_loss: 0.3612, mean_acc: 0.8647
2020-02-07 16:13:15,854 - DEBUG - step: 19000, mean_loss: 0.3652, mean_acc: 0.8698
2020-02-07 16:13:17,385 - DEBUG - step: 19100, mean_loss: 0.3639, mean_acc: 0.8728
2020-02-07 16:13:18,918 - DEBUG - step: 19200, mean_loss: 0.3673, mean_acc: 0.8714
2020-02-07 16:13:20,451 - DEBUG - step: 19300, mean_loss: 0.3662, mean_acc: 0.8688
2020-02-07 16:13:21,985 - DEBUG - step: 19400, mean_loss: 0.3658, mean_acc: 0.8677
2020-02-07 16:13:23,517 - DEBUG - step: 19500, mean_loss: 0.3674, mean_acc: 0.8697
2020-02-07 16:13:25,051 - DEBUG - step: 19600, mean_loss: 0.3500, mean_acc: 0.8722
2020-02-07 16:13:26,583 - DEBUG - step: 19700, mean_loss: 0.3620, mean_acc: 0.8706
2020-02-07 16:13:28,116 - DEBUG - step: 19800, mean_loss: 0.3604, mean_acc: 0.8633
2020-02-07 16:13:29,649 - DEBUG - step: 19900, mean_loss: 0.3633, mean_acc: 0.8675
2020-02-07 16:13:31,184 - DEBUG - step: 20000, mean_loss: 0.3667, mean_acc: 0.8620
2020-02-07 16:13:32,718 - DEBUG - step: 20100, mean_loss: 0.3489, mean_acc: 0.8738
2020-02-07 16:13:34,249 - DEBUG - step: 20200, mean_loss: 0.3589, mean_acc: 0.8686
2020-02-07 16:13:35,783 - DEBUG - step: 20300, mean_loss: 0.3593, mean_acc: 0.8627
2020-02-07 16:13:37,313 - DEBUG - step: 20400, mean_loss: 0.3467, mean_acc: 0.8730
2020-02-07 16:13:38,844 - DEBUG - step: 20500, mean_loss: 0.3658, mean_acc: 0.8664
2020-02-07 16:13:40,376 - DEBUG - step: 20600, mean_loss: 0.3623, mean_acc: 0.8617
2020-02-07 16:13:41,908 - DEBUG - step: 20700, mean_loss: 0.3653, mean_acc: 0.8623
2020-02-07 16:13:43,441 - DEBUG - step: 20800, mean_loss: 0.3513, mean_acc: 0.8722
2020-02-07 16:13:44,973 - DEBUG - step: 20900, mean_loss: 0.3508, mean_acc: 0.8669
2020-02-07 16:13:46,506 - DEBUG - step: 21000, mean_loss: 0.3474, mean_acc: 0.8717
2020-02-07 16:13:48,040 - DEBUG - step: 21100, mean_loss: 0.3493, mean_acc: 0.8684
2020-02-07 16:13:49,547 - DEBUG - step: 21200, mean_loss: 0.3556, mean_acc: 0.8678
2020-02-07 16:13:50,979 - DEBUG - step: 21300, mean_loss: 0.3520, mean_acc: 0.8661
2020-02-07 16:13:51,437 - INFO - 2 epoch training is finish!
2020-02-07 16:13:57,552 - INFO - 2 epoch validation is 86.706!
2020-02-07 16:13:57,677 - INFO - 3 epoch training is start!
2020-02-07 16:13:58,919 - DEBUG - step: 21400, mean_loss: 0.3498, mean_acc: 0.8679
2020-02-07 16:14:00,461 - DEBUG - step: 21500, mean_loss: 0.3479, mean_acc: 0.8670
2020-02-07 16:14:01,997 - DEBUG - step: 21600, mean_loss: 0.3508, mean_acc: 0.8650
2020-02-07 16:14:03,531 - DEBUG - step: 21700, mean_loss: 0.3525, mean_acc: 0.8669
2020-02-07 16:14:05,064 - DEBUG - step: 21800, mean_loss: 0.3473, mean_acc: 0.8688
2020-02-07 16:14:06,599 - DEBUG - step: 21900, mean_loss: 0.3524, mean_acc: 0.8681
2020-02-07 16:14:08,128 - DEBUG - step: 22000, mean_loss: 0.3499, mean_acc: 0.8661
2020-02-07 16:14:09,661 - DEBUG - step: 22100, mean_loss: 0.3514, mean_acc: 0.8630
2020-02-07 16:14:11,195 - DEBUG - step: 22200, mean_loss: 0.3422, mean_acc: 0.8670
2020-02-07 16:14:12,728 - DEBUG - step: 22300, mean_loss: 0.3402, mean_acc: 0.8714
2020-02-07 16:14:14,262 - DEBUG - step: 22400, mean_loss: 0.3431, mean_acc: 0.8728
2020-02-07 16:14:15,796 - DEBUG - step: 22500, mean_loss: 0.3461, mean_acc: 0.8681
2020-02-07 16:14:17,331 - DEBUG - step: 22600, mean_loss: 0.3473, mean_acc: 0.8636
2020-02-07 16:14:18,862 - DEBUG - step: 22700, mean_loss: 0.3375, mean_acc: 0.8698
2020-02-07 16:14:20,394 - DEBUG - step: 22800, mean_loss: 0.3467, mean_acc: 0.8670
2020-02-07 16:14:21,925 - DEBUG - step: 22900, mean_loss: 0.3489, mean_acc: 0.8672
2020-02-07 16:14:23,459 - DEBUG - step: 23000, mean_loss: 0.3334, mean_acc: 0.8697
2020-02-07 16:14:24,994 - DEBUG - step: 23100, mean_loss: 0.3400, mean_acc: 0.8692
2020-02-07 16:14:26,527 - DEBUG - step: 23200, mean_loss: 0.3466, mean_acc: 0.8638
2020-02-07 16:14:28,061 - DEBUG - step: 23300, mean_loss: 0.3421, mean_acc: 0.8694
2020-02-07 16:14:29,594 - DEBUG - step: 23400, mean_loss: 0.3272, mean_acc: 0.8731
2020-02-07 16:14:31,129 - DEBUG - step: 23500, mean_loss: 0.3220, mean_acc: 0.8778
2020-02-07 16:14:32,661 - DEBUG - step: 23600, mean_loss: 0.3402, mean_acc: 0.8666
2020-02-07 16:14:34,196 - DEBUG - step: 23700, mean_loss: 0.3341, mean_acc: 0.8747
2020-02-07 16:14:35,729 - DEBUG - step: 23800, mean_loss: 0.3413, mean_acc: 0.8697
2020-02-07 16:14:37,261 - DEBUG - step: 23900, mean_loss: 0.3376, mean_acc: 0.8702
2020-02-07 16:14:38,795 - DEBUG - step: 24000, mean_loss: 0.3478, mean_acc: 0.8645
2020-02-07 16:14:40,326 - DEBUG - step: 24100, mean_loss: 0.3416, mean_acc: 0.8694
2020-02-07 16:14:41,858 - DEBUG - step: 24200, mean_loss: 0.3474, mean_acc: 0.8670
2020-02-07 16:14:43,392 - DEBUG - step: 24300, mean_loss: 0.3394, mean_acc: 0.8684
2020-02-07 16:14:44,924 - DEBUG - step: 24400, mean_loss: 0.3322, mean_acc: 0.8711
2020-02-07 16:14:46,456 - DEBUG - step: 24500, mean_loss: 0.3356, mean_acc: 0.8697
2020-02-07 16:14:47,987 - DEBUG - step: 24600, mean_loss: 0.3308, mean_acc: 0.8720
2020-02-07 16:14:49,520 - DEBUG - step: 24700, mean_loss: 0.3403, mean_acc: 0.8719
2020-02-07 16:14:51,052 - DEBUG - step: 24800, mean_loss: 0.3415, mean_acc: 0.8659
2020-02-07 16:14:52,586 - DEBUG - step: 24900, mean_loss: 0.3365, mean_acc: 0.8698
2020-02-07 16:14:54,116 - DEBUG - step: 25000, mean_loss: 0.3369, mean_acc: 0.8723
2020-02-07 16:14:55,649 - DEBUG - step: 25100, mean_loss: 0.3282, mean_acc: 0.8727
2020-02-07 16:14:57,179 - DEBUG - step: 25200, mean_loss: 0.3316, mean_acc: 0.8712
2020-02-07 16:14:58,712 - DEBUG - step: 25300, mean_loss: 0.3316, mean_acc: 0.8686
2020-02-07 16:15:00,245 - DEBUG - step: 25400, mean_loss: 0.3386, mean_acc: 0.8680
2020-02-07 16:15:01,779 - DEBUG - step: 25500, mean_loss: 0.3292, mean_acc: 0.8703
2020-02-07 16:15:03,312 - DEBUG - step: 25600, mean_loss: 0.3204, mean_acc: 0.8778
2020-02-07 16:15:04,842 - DEBUG - step: 25700, mean_loss: 0.3306, mean_acc: 0.8719
2020-02-07 16:15:06,375 - DEBUG - step: 25800, mean_loss: 0.3276, mean_acc: 0.8703
2020-02-07 16:15:07,909 - DEBUG - step: 25900, mean_loss: 0.3241, mean_acc: 0.8778
2020-02-07 16:15:09,439 - DEBUG - step: 26000, mean_loss: 0.3221, mean_acc: 0.8750
2020-02-07 16:15:10,972 - DEBUG - step: 26100, mean_loss: 0.3317, mean_acc: 0.8741
2020-02-07 16:15:12,504 - DEBUG - step: 26200, mean_loss: 0.3200, mean_acc: 0.8755
2020-02-07 16:15:14,035 - DEBUG - step: 26300, mean_loss: 0.3287, mean_acc: 0.8727
2020-02-07 16:15:15,567 - DEBUG - step: 26400, mean_loss: 0.3290, mean_acc: 0.8661
2020-02-07 16:15:17,101 - DEBUG - step: 26500, mean_loss: 0.3236, mean_acc: 0.8761
2020-02-07 16:15:18,633 - DEBUG - step: 26600, mean_loss: 0.3235, mean_acc: 0.8725
2020-02-07 16:15:20,166 - DEBUG - step: 26700, mean_loss: 0.3312, mean_acc: 0.8691
2020-02-07 16:15:21,698 - DEBUG - step: 26800, mean_loss: 0.3207, mean_acc: 0.8748
2020-02-07 16:15:23,232 - DEBUG - step: 26900, mean_loss: 0.3184, mean_acc: 0.8739
2020-02-07 16:15:24,765 - DEBUG - step: 27000, mean_loss: 0.3267, mean_acc: 0.8708
2020-02-07 16:15:26,298 - DEBUG - step: 27100, mean_loss: 0.3402, mean_acc: 0.8662
2020-02-07 16:15:27,831 - DEBUG - step: 27200, mean_loss: 0.3292, mean_acc: 0.8686
2020-02-07 16:15:29,365 - DEBUG - step: 27300, mean_loss: 0.3290, mean_acc: 0.8719
2020-02-07 16:15:30,900 - DEBUG - step: 27400, mean_loss: 0.3253, mean_acc: 0.8766
2020-02-07 16:15:32,432 - DEBUG - step: 27500, mean_loss: 0.3344, mean_acc: 0.8691
2020-02-07 16:15:33,965 - DEBUG - step: 27600, mean_loss: 0.3236, mean_acc: 0.8756
2020-02-07 16:15:35,501 - DEBUG - step: 27700, mean_loss: 0.3226, mean_acc: 0.8755
2020-02-07 16:15:37,037 - DEBUG - step: 27800, mean_loss: 0.3281, mean_acc: 0.8678
2020-02-07 16:15:38,569 - DEBUG - step: 27900, mean_loss: 0.3250, mean_acc: 0.8750
2020-02-07 16:15:40,107 - DEBUG - step: 28000, mean_loss: 0.3208, mean_acc: 0.8688
2020-02-07 16:15:41,642 - DEBUG - step: 28100, mean_loss: 0.3327, mean_acc: 0.8656
2020-02-07 16:15:43,179 - DEBUG - step: 28200, mean_loss: 0.3439, mean_acc: 0.8616
2020-02-07 16:15:44,713 - DEBUG - step: 28300, mean_loss: 0.3411, mean_acc: 0.8581
2020-02-07 16:15:46,248 - DEBUG - step: 28400, mean_loss: 0.3268, mean_acc: 0.8697
2020-02-07 16:15:47,784 - DEBUG - step: 28500, mean_loss: 0.3188, mean_acc: 0.8689
2020-02-07 16:15:49,318 - DEBUG - step: 28600, mean_loss: 0.3237, mean_acc: 0.8711
2020-02-07 16:15:50,852 - DEBUG - step: 28700, mean_loss: 0.3226, mean_acc: 0.8697
2020-02-07 16:15:52,385 - DEBUG - step: 28800, mean_loss: 0.3441, mean_acc: 0.8598
2020-02-07 16:15:53,918 - DEBUG - step: 28900, mean_loss: 0.3133, mean_acc: 0.8725
2020-02-07 16:15:55,451 - DEBUG - step: 29000, mean_loss: 0.3268, mean_acc: 0.8659
2020-02-07 16:15:56,985 - DEBUG - step: 29100, mean_loss: 0.3394, mean_acc: 0.8609
2020-02-07 16:15:58,520 - DEBUG - step: 29200, mean_loss: 0.3182, mean_acc: 0.8700
2020-02-07 16:16:00,053 - DEBUG - step: 29300, mean_loss: 0.3175, mean_acc: 0.8702
2020-02-07 16:16:01,588 - DEBUG - step: 29400, mean_loss: 0.3146, mean_acc: 0.8744
2020-02-07 16:16:03,126 - DEBUG - step: 29500, mean_loss: 0.3218, mean_acc: 0.8639
2020-02-07 16:16:04,660 - DEBUG - step: 29600, mean_loss: 0.3226, mean_acc: 0.8658
2020-02-07 16:16:06,193 - DEBUG - step: 29700, mean_loss: 0.3012, mean_acc: 0.8800
2020-02-07 16:16:07,728 - DEBUG - step: 29800, mean_loss: 0.3373, mean_acc: 0.8617
2020-02-07 16:16:09,263 - DEBUG - step: 29900, mean_loss: 0.3270, mean_acc: 0.8689
2020-02-07 16:16:10,797 - DEBUG - step: 30000, mean_loss: 0.3279, mean_acc: 0.8698
2020-02-07 16:16:12,329 - DEBUG - step: 30100, mean_loss: 0.3169, mean_acc: 0.8720
2020-02-07 16:16:13,861 - DEBUG - step: 30200, mean_loss: 0.3109, mean_acc: 0.8789
2020-02-07 16:16:15,396 - DEBUG - step: 30300, mean_loss: 0.3188, mean_acc: 0.8666
2020-02-07 16:16:16,930 - DEBUG - step: 30400, mean_loss: 0.3221, mean_acc: 0.8708
2020-02-07 16:16:18,465 - DEBUG - step: 30500, mean_loss: 0.3346, mean_acc: 0.8634
2020-02-07 16:16:20,000 - DEBUG - step: 30600, mean_loss: 0.3145, mean_acc: 0.8752
2020-02-07 16:16:21,534 - DEBUG - step: 30700, mean_loss: 0.3205, mean_acc: 0.8708
2020-02-07 16:16:23,070 - DEBUG - step: 30800, mean_loss: 0.3113, mean_acc: 0.8725
2020-02-07 16:16:24,604 - DEBUG - step: 30900, mean_loss: 0.3147, mean_acc: 0.8778
2020-02-07 16:16:26,140 - DEBUG - step: 31000, mean_loss: 0.3273, mean_acc: 0.8666
2020-02-07 16:16:27,678 - DEBUG - step: 31100, mean_loss: 0.3098, mean_acc: 0.8769
2020-02-07 16:16:29,214 - DEBUG - step: 31200, mean_loss: 0.3364, mean_acc: 0.8648
2020-02-07 16:16:30,750 - DEBUG - step: 31300, mean_loss: 0.3191, mean_acc: 0.8688
2020-02-07 16:16:32,287 - DEBUG - step: 31400, mean_loss: 0.3162, mean_acc: 0.8748
2020-02-07 16:16:33,822 - DEBUG - step: 31500, mean_loss: 0.3174, mean_acc: 0.8664
2020-02-07 16:16:35,359 - DEBUG - step: 31600, mean_loss: 0.3124, mean_acc: 0.8753
2020-02-07 16:16:36,897 - DEBUG - step: 31700, mean_loss: 0.3169, mean_acc: 0.8738
2020-02-07 16:16:38,430 - DEBUG - step: 31800, mean_loss: 0.3141, mean_acc: 0.8750
2020-02-07 16:16:39,906 - DEBUG - step: 31900, mean_loss: 0.3247, mean_acc: 0.8627
2020-02-07 16:16:41,307 - INFO - 3 epoch training is finish!
